<?xml version="1.0" encoding="UTF-8"?>
<!-- Generated by org.testng.reporters.JUnitReportReporter -->
<testsuite hostname="TYSS-Chaithra" failures="0" tests="1" name="runner.RunnerIO" time="18.596" errors="0" timestamp="2022-03-29T13:17:11 IST" skipped="0">
  <testcase classname="runner.RunnerIO" name="runScenario" time="18.596"/>
  <system-out/>
</testsuite> <!-- runner.RunnerIO -->
